SET name Ebrahim
SET age 22
SET name Ibrahim
SET name Ibrahim
SET class Eng
SET age 17
SET name Khaled
SET name Ibrahim
DEL name
SET  empty
SET 🚀 rocket
SET name Ibrahim
SET name Ibrahim
SET class Eng
SET age 17
SET name Khaled
SET name Ibrahim
DEL name
SET  empty
SET 🚀 rocket
SET name Ibrahim
SET name Ibrahim
SET class Eng
SET age 17
SET name Khaled
SET name Ibrahim
DEL name
SET  empty
SET 🚀 rocket
SET name Ibrahim
SET name Ibrahim
SET class Eng
SET age 17
SET name Khaled
SET name Ibrahim
DEL name
SET  empty
SET 🚀 rocket
SET name Ibrahim
SET name Ibrahim
SET class Eng
SET age 17
SET name Khaled
SET name Ibrahim
DEL name
SET  empty
SET 🚀 rocket
SET name Ibrahim
SET name Ibrahim
SET class Eng
SET age 17
SET name Khaled
SET name Ibrahim
DEL name
SET  empty
SET 🚀 rocket
SET name Ibrahim
SET name Ibrahim
SET class Eng
SET age 17
SET name Khaled
SET name Ibrahim
DEL name
SET  empty
SET 🚀 rocket
SET name Ibrahim
SET name Ibrahim
SET class Eng
SET age 17
SET name Khaled
SET name Ibrahim
DEL name
SET  empty
SET 🚀 rocket
SET name Ibrahim
SET name Ibrahim
SET class Eng
SET age 17
SET name Khaled
SET name Ibrahim
DEL name
SET  empty
SET 🚀 rocket
SET name Ibrahim
SET name Ibrahim
SET class Eng
SET age 17
SET name Khaled
SET name Ibrahim
DEL name
SET  empty
SET 🚀 rocket
SET name Ibrahim
SET name Ibrahim
SET class Eng
SET age 17
SET name Khaled
SET name Ibrahim
DEL name
SET  empty
SET 🚀 rocket
SET name Ibrahim
SET name Ibrahim
SET class Eng
SET age 17
SET name Khaled
SET name Ibrahim
DEL name
SET  empty
SET 🚀 rocket
SET name Ibrahim
SET name Ibrahim
SET class Eng
SET age 17
SET name Khaled
SET name Ibrahim
DEL name
SET  empty
SET 🚀 rocket
SET name Ibrahim
SET name Ibrahim
SET class Eng
SET age 17
SET name Khaled
SET name Ibrahim
DEL name
SET  empty
SET 🚀 rocket
SET name Ibrahim
SET name Ibrahim
SET class Eng
SET age 17
SET name Khaled
SET name Ibrahim
DEL name
SET  empty
SET 🚀 rocket
SET name Ibrahim
SET name Ibrahim
SET class Eng
SET age 17
SET name Khaled
SET name Ibrahim
DEL name
SET  empty
SET 🚀 rocket
SET name Ibrahim
SET name Ibrahim
SET class Eng
SET age 17
SET name Khaled
SET name Ibrahim
DEL name
SET  empty
SET 🚀 rocket
SET name Ibrahim
SET name Ibrahim
SET class Eng
SET age 17
SET name Khaled
SET name Ibrahim
DEL name
SET  empty
SET 🚀 rocket
SET name Ibrahim
SET name Ibrahim
SET class Eng
SET age 17
SET name Khaled
SET name Ibrahim
DEL name
SET  empty
SET 🚀 rocket
SET name Ibrahim
SET name Ibrahim
SET class Eng
SET age 17
SET name Khaled
SET name Ibrahim
DEL name
SET  empty
SET 🚀 rocket
SET name Ibrahim
SET name Ibrahim
SET class Eng
SET age 17
SET name Khaled
SET name Ibrahim
DEL name
SET  empty
SET 🚀 rocket
SET name Ibrahim
SET name Ibrahim
SET class Eng
SET age 17
SET name Khaled
SET name Ibrahim
DEL name
SET  empty
SET 🚀 rocket
SET name Ibrahim
SET name Ibrahim
SET class Eng
SET age 17
SET name Khaled
SET name Ibrahim
DEL name
SET  empty
SET 🚀 rocket
SET name Ibrahim
SET name Ibrahim
SET class Eng
SET age 17
SET name Khaled
SET name Ibrahim
DEL name
SET  empty
SET 🚀 rocket
SET name Ibrahim
SET name Ibrahim
SET class Eng
SET age 17
SET name Khaled
SET name Ibrahim
DEL name
SET  empty
SET 🚀 rocket
SET name Ibrahim
SET name Ibrahim
SET class Eng
SET age 17
SET name Khaled
SET name Ibrahim
DEL name
SET  empty
SET 🚀 rocket
SET name Ibrahim
SET name Ibrahim
SET class Eng
SET age 17
SET name Khaled
SET name Ibrahim
DEL name
SET  empty
SET 🚀 rocket
SET name Ibrahim
SET name Ibrahim
SET class Eng
SET age 17
SET name Khaled
SET name Ibrahim
DEL name
SET  empty
SET 🚀 rocket
SET name Ibrahim
SET name Ibrahim
SET class Eng
SET age 17
SET name Khaled
SET name Ibrahim
DEL name
SET  empty
SET 🚀 rocket
SET name Ibrahim
SET name Ibrahim
SET class Eng
SET age 17
SET name Khaled
SET name Ibrahim
DEL name
SET  empty
SET 🚀 rocket
SET name Ibrahim
SET name Ibrahim
SET class Eng
SET age 17
SET name Khaled
SET name Ibrahim
DEL name
SET  empty
SET 🚀 rocket
SET name Ibrahim
SET name Ibrahim
SET class Eng
SET age 17
SET name Khaled
SET name Ibrahim
DEL name
SET  empty
SET 🚀 rocket
SET name Ibrahim
SET name Ibrahim
SET class Eng
SET age 17
SET name Khaled
SET name Ibrahim
DEL name
SET  empty
SET 🚀 rocket
SET name Ibrahim
SET name Ibrahim
SET class Eng
SET age 17
SET name Khaled
SET name Ibrahim
DEL name
SET  empty
SET 🚀 rocket
SET name Ibrahim
SET name Ibrahim
SET class Eng
SET age 17
SET name Khaled
SET name Ibrahim
DEL name
SET  empty
SET 🚀 rocket
SET name Ibrahim
SET name Ibrahim
SET class Eng
SET age 17
SET name Khaled
SET name Ibrahim
DEL name
SET  empty
SET 🚀 rocket
SET name Ibrahim
SET name Ibrahim
SET class Eng
SET age 17
SET name Khaled
SET name Ibrahim
DEL name
SET  empty
SET 🚀 rocket
SET name Ibrahim
SET name Ibrahim
SET class Eng
SET age 17
SET name Khaled
SET name Ibrahim
DEL name
SET  empty
SET 🚀 rocket
SET name Ibrahim
SET name Ibrahim
SET class Eng
SET age 17
SET name Khaled
SET name Ibrahim
DEL name
SET  empty
SET 🚀 rocket
SET name Ibrahim
SET name Ibrahim
SET class Eng
SET age 17
SET name Khaled
SET name Ibrahim
DEL name
SET  empty
SET 🚀 rocket
SET name Ibrahim
SET name Ibrahim
SET class Eng
SET age 17
SET name Khaled
SET name Ibrahim
DEL name
SET  empty
SET 🚀 rocket
SET name Ibrahim
SET name Ibrahim
SET class Eng
SET age 17
SET name Khaled
SET name Ibrahim
DEL name
SET  empty
SET 🚀 rocket
SET name Ibrahim
SET name Ibrahim
SET class Eng
SET age 17
SET name Khaled
SET name Ibrahim
DEL name
SET  empty
SET 🚀 rocket
SET name Ibrahim
SET name Ibrahim
SET class Eng
SET age 17
SET name Khaled
SET name Ibrahim
DEL name
SET  empty
SET 🚀 rocket
SET name Ibrahim
SET name Ibrahim
SET class Eng
SET age 17
SET name Khaled
SET name Ibrahim
DEL name
SET  empty
SET 🚀 rocket
SET name Ibrahim
SET name Ibrahim
SET class Eng
SET age 17
SET name Khaled
SET name Ibrahim
DEL name
SET  empty
SET 🚀 rocket
SET name Ibrahim
SET name Ibrahim
SET class Eng
SET age 17
SET name Khaled
SET name Ibrahim
DEL name
SET  empty
SET 🚀 rocket
SET name Ibrahim
SET name Ibrahim
SET class Eng
SET age 17
SET name Khaled
SET name Ibrahim
DEL name
SET  empty
SET 🚀 rocket
